\BOOKMARK [1][-]{section.1}{\376\377\000F\000o\000u\000n\000d\000a\000t\000i\000o\000n\000s\000:\000\040\000P\000r\000o\000b\000a\000b\000i\000l\000i\000s\000t\000i\000c\000\040\000R\000e\000a\000s\000o\000n\000i\000n\000g\000\040\000i\000n\000\040\000C\000l\000a\000s\000s\000i\000f\000i\000c\000a\000t\000i\000o\000n}{}% 1
\BOOKMARK [2][-]{subsection.1.1}{\376\377\000T\000h\000e\000\040\000C\000l\000a\000s\000s\000i\000f\000i\000c\000a\000t\000i\000o\000n\000\040\000P\000r\000o\000b\000l\000e\000m}{section.1}% 2
\BOOKMARK [1][-]{section.2}{\376\377\000B\000a\000y\000e\000s\000i\000a\000n\000\040\000C\000l\000a\000s\000s\000i\000f\000i\000e\000r\000s}{}% 3
\BOOKMARK [2][-]{subsection.2.1}{\376\377\000B\000a\000y\000e\000s\000'\000\040\000T\000h\000e\000o\000r\000e\000m\000\040\040\024\000\040\000A\000\040\000R\000e\000f\000r\000e\000s\000h\000e\000r}{section.2}% 4
\BOOKMARK [2][-]{subsection.2.2}{\376\377\000B\000a\000y\000e\000s\000i\000a\000n\000\040\000C\000l\000a\000s\000s\000i\000f\000i\000e\000r\000:\000\040\000F\000u\000l\000l\000\040\000J\000o\000i\000n\000t\000\040\000D\000i\000s\000t\000r\000i\000b\000u\000t\000i\000o\000n}{section.2}% 5
\BOOKMARK [3][-]{subsubsection.2.2.1}{\376\377\000Q\000u\000a\000d\000r\000a\000t\000i\000c\000\040\000D\000i\000s\000c\000r\000i\000m\000i\000n\000a\000n\000t\000\040\000A\000n\000a\000l\000y\000s\000i\000s\000\040\000\050\000Q\000D\000A\000\051}{subsection.2.2}% 6
\BOOKMARK [3][-]{subsubsection.2.2.2}{\376\377\000L\000i\000n\000e\000a\000r\000\040\000D\000i\000s\000c\000r\000i\000m\000i\000n\000a\000n\000t\000\040\000A\000n\000a\000l\000y\000s\000i\000s\000\040\000\050\000L\000D\000A\000\051}{subsection.2.2}% 7
\BOOKMARK [2][-]{subsection.2.3}{\376\377\000W\000o\000r\000k\000e\000d\000\040\000E\000x\000a\000m\000p\000l\000e\000\040\040\024\000\040\000M\000e\000d\000i\000c\000a\000l\000\040\000D\000i\000a\000g\000n\000o\000s\000i\000s}{section.2}% 8
\BOOKMARK [1][-]{section.3}{\376\377\000N\000a\000\357\000v\000e\000\040\000B\000a\000y\000e\000s\000i\000a\000n\000\040\000C\000l\000a\000s\000s\000i\000f\000i\000e\000r\000s}{}% 9
\BOOKMARK [2][-]{subsection.3.1}{\376\377\000T\000h\000e\000\040\000C\000u\000r\000s\000e\000\040\000o\000f\000\040\000D\000i\000m\000e\000n\000s\000i\000o\000n\000a\000l\000i\000t\000y\000\040\040\024\000\040\000M\000o\000t\000i\000v\000a\000t\000i\000o\000n}{section.3}% 10
\BOOKMARK [2][-]{subsection.3.2}{\376\377\000P\000a\000r\000a\000m\000e\000t\000e\000r\000\040\000E\000s\000t\000i\000m\000a\000t\000i\000o\000n}{section.3}% 11
\BOOKMARK [2][-]{subsection.3.3}{\376\377\000W\000o\000r\000k\000e\000d\000\040\000E\000x\000a\000m\000p\000l\000e\000\040\040\024\000\040\000S\000p\000a\000m\000\040\000E\000-\000m\000a\000i\000l\000\040\000C\000l\000a\000s\000s\000i\000f\000i\000c\000a\000t\000i\000o\000n}{section.3}% 12
\BOOKMARK [2][-]{subsection.3.4}{\376\377\000V\000a\000r\000i\000a\000n\000t\000s\000\040\000o\000f\000\040\000N\000a\000\357\000v\000e\000\040\000B\000a\000y\000e\000s}{section.3}% 13
\BOOKMARK [2][-]{subsection.3.5}{\376\377\000S\000t\000r\000e\000n\000g\000t\000h\000s\000\040\000a\000n\000d\000\040\000W\000e\000a\000k\000n\000e\000s\000s\000e\000s}{section.3}% 14
\BOOKMARK [1][-]{section.4}{\376\377\000S\000u\000p\000p\000o\000r\000t\000\040\000V\000e\000c\000t\000o\000r\000\040\000M\000a\000c\000h\000i\000n\000e\000s\000\040\000\050\000S\000V\000M\000\051}{}% 15
\BOOKMARK [2][-]{subsection.4.1}{\376\377\000I\000n\000t\000u\000i\000t\000i\000o\000n\000:\000\040\000F\000i\000n\000d\000i\000n\000g\000\040\000t\000h\000e\000\040\000B\000e\000s\000t\000\040\000S\000e\000p\000a\000r\000a\000t\000o\000r}{section.4}% 16
\BOOKMARK [2][-]{subsection.4.2}{\376\377\000T\000h\000e\000\040\000H\000a\000r\000d\000-\000M\000a\000r\000g\000i\000n\000\040\000S\000V\000M\000\040\000\050\000L\000i\000n\000e\000a\000r\000l\000y\000\040\000S\000e\000p\000a\000r\000a\000b\000l\000e\000\040\000C\000a\000s\000e\000\051}{section.4}% 17
\BOOKMARK [2][-]{subsection.4.3}{\376\377\000S\000o\000f\000t\000-\000M\000a\000r\000g\000i\000n\000\040\000S\000V\000M\000\040\000\050\000N\000o\000n\000-\000S\000e\000p\000a\000r\000a\000b\000l\000e\000\040\000C\000a\000s\000e\000\051}{section.4}% 18
\BOOKMARK [2][-]{subsection.4.4}{\376\377\000T\000h\000e\000\040\000D\000u\000a\000l\000\040\000P\000r\000o\000b\000l\000e\000m\000\040\000a\000n\000d\000\040\000S\000u\000p\000p\000o\000r\000t\000\040\000V\000e\000c\000t\000o\000r\000s}{section.4}% 19
\BOOKMARK [2][-]{subsection.4.5}{\376\377\000T\000h\000e\000\040\000K\000e\000r\000n\000e\000l\000\040\000T\000r\000i\000c\000k\000\040\040\024\000\040\000N\000o\000n\000-\000l\000i\000n\000e\000a\000r\000\040\000S\000V\000M\000s}{section.4}% 20
\BOOKMARK [2][-]{subsection.4.6}{\376\377\000W\000o\000r\000k\000e\000d\000\040\000E\000x\000a\000m\000p\000l\000e\000\040\040\024\000\040\000S\000V\000M\000\040\000b\000y\000\040\000H\000a\000n\000d\000\040\000\050\0002\000D\000\051}{section.4}% 21
\BOOKMARK [2][-]{subsection.4.7}{\376\377\000M\000u\000l\000t\000i\000-\000C\000l\000a\000s\000s\000\040\000S\000V\000M}{section.4}% 22
\BOOKMARK [1][-]{section.5}{\376\377\000C\000o\000m\000p\000a\000r\000i\000s\000o\000n\000\040\000\046\000\040\000P\000r\000a\000c\000t\000i\000c\000a\000l\000\040\000G\000u\000i\000d\000e}{}% 23
\BOOKMARK [2][-]{subsection.5.1}{\376\377\000D\000e\000c\000i\000s\000i\000o\000n\000\040\000F\000l\000o\000w\000c\000h\000a\000r\000t\000:\000\040\000W\000h\000i\000c\000h\000\040\000M\000e\000t\000h\000o\000d\000\040\000t\000o\000\040\000C\000h\000o\000o\000s\000e\000?}{section.5}% 24
\BOOKMARK [1][-]{section.6}{\376\377\000C\000o\000m\000p\000r\000e\000h\000e\000n\000s\000i\000v\000e\000\040\000W\000o\000r\000k\000e\000d\000\040\000E\000x\000a\000m\000p\000l\000e\000\040\040\024\000\040\000A\000l\000l\000\040\000T\000h\000r\000e\000e\000\040\000M\000e\000t\000h\000o\000d\000s}{}% 25
\BOOKMARK [1][-]{section.7}{\376\377\000S\000u\000m\000m\000a\000r\000y}{}% 26
